mode: set
github.com/artiflas/reservation/cmd/web/main.go:23.13,25.16 2 0
github.com/artiflas/reservation/cmd/web/main.go:29.2,37.16 4 0
github.com/artiflas/reservation/cmd/web/main.go:25.16,27.3 1 0
github.com/artiflas/reservation/cmd/web/main.go:37.16,39.3 1 0
github.com/artiflas/reservation/cmd/web/main.go:42.18,58.16 10 1
github.com/artiflas/reservation/cmd/web/main.go:63.2,70.12 6 1
github.com/artiflas/reservation/cmd/web/main.go:58.16,61.3 2 0
github.com/artiflas/reservation/cmd/web/middleware.go:10.45,21.2 3 1
github.com/artiflas/reservation/cmd/web/middleware.go:24.50,26.2 1 1
github.com/artiflas/reservation/cmd/web/routes.go:12.49,37.2 18 1
