mode: set
github.com/artiflas/reservation/internal/render/render.go:22.40,24.2 1 1
github.com/artiflas/reservation/internal/render/render.go:27.84,33.2 5 1
github.com/artiflas/reservation/internal/render/render.go:36.105,39.18 2 1
github.com/artiflas/reservation/internal/render/render.go:45.2,46.9 2 1
github.com/artiflas/reservation/internal/render/render.go:51.2,58.16 5 1
github.com/artiflas/reservation/internal/render/render.go:62.2,62.12 1 1
github.com/artiflas/reservation/internal/render/render.go:39.18,42.3 1 0
github.com/artiflas/reservation/internal/render/render.go:42.8,44.3 1 1
github.com/artiflas/reservation/internal/render/render.go:46.9,49.3 1 1
github.com/artiflas/reservation/internal/render/render.go:58.16,61.3 2 0
github.com/artiflas/reservation/internal/render/render.go:66.67,71.16 3 1
github.com/artiflas/reservation/internal/render/render.go:75.2,75.29 1 1
github.com/artiflas/reservation/internal/render/render.go:95.2,95.21 1 1
github.com/artiflas/reservation/internal/render/render.go:71.16,73.3 1 0
github.com/artiflas/reservation/internal/render/render.go:75.29,78.17 3 1
github.com/artiflas/reservation/internal/render/render.go:82.3,83.17 2 1
github.com/artiflas/reservation/internal/render/render.go:87.3,87.23 1 1
github.com/artiflas/reservation/internal/render/render.go:93.3,93.21 1 1
github.com/artiflas/reservation/internal/render/render.go:78.17,80.4 1 0
github.com/artiflas/reservation/internal/render/render.go:83.17,85.4 1 0
github.com/artiflas/reservation/internal/render/render.go:87.23,89.18 2 1
github.com/artiflas/reservation/internal/render/render.go:89.18,91.5 1 0
