mode: set
github.com/artiflas/reservation/internal/handlers/handlers.go:24.47,28.2 1 1
github.com/artiflas/reservation/internal/handlers/handlers.go:31.33,33.2 1 1
github.com/artiflas/reservation/internal/handlers/handlers.go:36.67,41.2 3 1
github.com/artiflas/reservation/internal/handlers/handlers.go:44.68,55.2 5 1
github.com/artiflas/reservation/internal/handlers/handlers.go:58.74,67.2 4 1
github.com/artiflas/reservation/internal/handlers/handlers.go:70.78,72.16 2 1
github.com/artiflas/reservation/internal/handlers/handlers.go:76.2,89.19 6 1
github.com/artiflas/reservation/internal/handlers/handlers.go:100.2,102.66 2 0
github.com/artiflas/reservation/internal/handlers/handlers.go:72.16,75.3 2 0
github.com/artiflas/reservation/internal/handlers/handlers.go:89.19,98.3 4 1
github.com/artiflas/reservation/internal/handlers/handlers.go:107.71,109.2 1 1
github.com/artiflas/reservation/internal/handlers/handlers.go:112.69,114.2 1 1
github.com/artiflas/reservation/internal/handlers/handlers.go:117.75,119.2 1 1
github.com/artiflas/reservation/internal/handlers/handlers.go:122.79,127.2 3 1
github.com/artiflas/reservation/internal/handlers/handlers.go:135.79,142.16 3 1
github.com/artiflas/reservation/internal/handlers/handlers.go:146.2,147.14 2 1
github.com/artiflas/reservation/internal/handlers/handlers.go:142.16,144.3 1 0
github.com/artiflas/reservation/internal/handlers/handlers.go:152.70,154.2 1 1
github.com/artiflas/reservation/internal/handlers/handlers.go:157.81,159.9 2 0
github.com/artiflas/reservation/internal/handlers/handlers.go:166.2,173.4 4 0
github.com/artiflas/reservation/internal/handlers/handlers.go:159.9,164.3 4 0
